android_backup/app/build/intermediates/manifest_merge_blame_file/debug/manifest-merger-blame-debug-report.txt
1<?xml version="1.0" encoding="utf-8"?>
2<manifest xmlns:android="http://schemas.android.com/apk/res/android"
3    package="com.manmandir"
4    android:versionCode="1"
5    android:versionName="1.0.0" >
6
7    <uses-sdk
8        android:minSdkVersion="24"
9        android:targetSdkVersion="34" />
10
11    <uses-permission android:name="android.permission.INTERNET" />
11-->src/main/AndroidManifest.xml:4:5-67
11-->src/main/AndroidManifest.xml:4:22-64
12    <uses-permission android:name="android.permission.READ_EXTERNAL_STORAGE" />
12-->src/main/AndroidManifest.xml:5:5-79
12-->src/main/AndroidManifest.xml:5:22-77
13    <uses-permission android:name="android.permission.WAKE_LOCK" />
13-->src/main/AndroidManifest.xml:6:5-68
13-->src/main/AndroidManifest.xml:6:22-65
14    <uses-permission android:name="android.permission.FOREGROUND_SERVICE" />
14-->src/main/AndroidManifest.xml:7:5-77
14-->src/main/AndroidManifest.xml:7:22-74
15    <!--
16    This manifest file is used only by Gradle to configure debug-only capabilities
17    for React Native Apps.
18    -->
19    <uses-permission android:name="android.permission.SYSTEM_ALERT_WINDOW" />
19-->[com.facebook.react:react-android:0.73.0] AndroidManifest.xml:16:5-78
19-->[com.facebook.react:react-android:0.73.0] AndroidManifest.xml:16:22-75
20
21    <permission
21-->[androidx.core:core:1.9.0] AndroidManifest.xml:22:5-24:47
22        android:name="com.manmandir.DYNAMIC_RECEIVER_NOT_EXPORTED_PERMISSION"
22-->[androidx.core:core:1.9.0] AndroidManifest.xml:23:9-81
23        android:protectionLevel="signature" />
23-->[androidx.core:core:1.9.0] AndroidManifest.xml:24:9-44
24
25    <uses-permission android:name="com.manmandir.DYNAMIC_RECEIVER_NOT_EXPORTED_PERMISSION" />
25-->[androidx.core:core:1.9.0] AndroidManifest.xml:26:5-97
25-->[androidx.core:core:1.9.0] AndroidManifest.xml:26:22-94
26
27    <application
27-->src/main/AndroidManifest.xml:9:5-42:19
28        android:name="com.manmandir.MainApplication"
28-->src/main/AndroidManifest.xml:10:9-40
29        android:allowBackup="false"
29-->src/main/AndroidManifest.xml:14:9-36
30        android:appComponentFactory="androidx.core.app.CoreComponentFactory"
30-->[androidx.core:core:1.9.0] AndroidManifest.xml:28:18-86
31        android:debuggable="true"
32        android:extractNativeLibs="false"
33        android:icon="@mipmap/ic_launcher"
33-->src/main/AndroidManifest.xml:12:9-43
34        android:label="@string/app_name"
34-->src/main/AndroidManifest.xml:11:9-41
35        android:roundIcon="@mipmap/ic_launcher_round"
35-->src/main/AndroidManifest.xml:13:9-54
36        android:theme="@style/AppTheme"
36-->src/main/AndroidManifest.xml:15:9-40
37        android:usesCleartextTraffic="true" > <!-- ✅ REQUIRED Main Activity -->
37-->src/main/AndroidManifest.xml:16:9-44
38        <activity
38-->src/main/AndroidManifest.xml:19:9-31:20
39            android:name="com.manmandir.MainActivity"
39-->src/main/AndroidManifest.xml:20:13-41
40            android:configChanges="keyboard|keyboardHidden|orientation|screenLayout|screenSize|smallestScreenSize|uiMode"
40-->src/main/AndroidManifest.xml:23:13-122
41            android:exported="true"
41-->src/main/AndroidManifest.xml:21:13-36
42            android:label="@string/app_name"
42-->src/main/AndroidManifest.xml:22:13-45
43            android:launchMode="singleTask"
43-->src/main/AndroidManifest.xml:24:13-44
44            android:windowSoftInputMode="adjustResize" >
44-->src/main/AndroidManifest.xml:25:13-55
45            <intent-filter>
45-->src/main/AndroidManifest.xml:27:13-30:29
46                <action android:name="android.intent.action.MAIN" />
46-->src/main/AndroidManifest.xml:28:17-69
46-->src/main/AndroidManifest.xml:28:25-66
47
48                <category android:name="android.intent.category.LAUNCHER" />
48-->src/main/AndroidManifest.xml:29:17-77
48-->src/main/AndroidManifest.xml:29:27-74
49            </intent-filter>
50        </activity> <!-- Audio player service -->
51        <service
51-->src/main/AndroidManifest.xml:34:9-40:19
52            android:name="com.guichaguri.trackplayer.service.MusicService"
52-->src/main/AndroidManifest.xml:35:13-75
53            android:exported="false" >
53-->src/main/AndroidManifest.xml:36:13-37
54            <intent-filter>
54-->src/main/AndroidManifest.xml:37:13-39:29
55                <action android:name="android.intent.action.MEDIA_BUTTON" />
55-->src/main/AndroidManifest.xml:38:17-77
55-->src/main/AndroidManifest.xml:38:25-74
56            </intent-filter>
57        </service>
58
59        <activity
59-->[com.facebook.react:react-android:0.73.0] AndroidManifest.xml:19:9-21:40
60            android:name="com.facebook.react.devsupport.DevSettingsActivity"
60-->[com.facebook.react:react-android:0.73.0] AndroidManifest.xml:20:13-77
61            android:exported="false" />
61-->[com.facebook.react:react-android:0.73.0] AndroidManifest.xml:21:13-37
62
63        <provider
63-->[androidx.emoji2:emoji2:1.2.0] AndroidManifest.xml:24:9-32:20
64            android:name="androidx.startup.InitializationProvider"
64-->[androidx.emoji2:emoji2:1.2.0] AndroidManifest.xml:25:13-67
65            android:authorities="com.manmandir.androidx-startup"
65-->[androidx.emoji2:emoji2:1.2.0] AndroidManifest.xml:26:13-68
66            android:exported="false" >
66-->[androidx.emoji2:emoji2:1.2.0] AndroidManifest.xml:27:13-37
67            <meta-data
67-->[androidx.emoji2:emoji2:1.2.0] AndroidManifest.xml:29:13-31:52
68                android:name="androidx.emoji2.text.EmojiCompatInitializer"
68-->[androidx.emoji2:emoji2:1.2.0] AndroidManifest.xml:30:17-75
69                android:value="androidx.startup" />
69-->[androidx.emoji2:emoji2:1.2.0] AndroidManifest.xml:31:17-49
70            <meta-data
70-->[androidx.lifecycle:lifecycle-process:2.4.1] AndroidManifest.xml:31:13-33:52
71                android:name="androidx.lifecycle.ProcessLifecycleInitializer"
71-->[androidx.lifecycle:lifecycle-process:2.4.1] AndroidManifest.xml:32:17-78
72                android:value="androidx.startup" />
72-->[androidx.lifecycle:lifecycle-process:2.4.1] AndroidManifest.xml:33:17-49
73        </provider>
74
75        <meta-data
75-->[com.facebook.soloader:soloader:0.10.5] AndroidManifest.xml:12:9-14:37
76            android:name="com.facebook.soloader.enabled"
76-->[com.facebook.soloader:soloader:0.10.5] AndroidManifest.xml:13:13-57
77            android:value="false" />
77-->[com.facebook.soloader:soloader:0.10.5] AndroidManifest.xml:14:13-34
78    </application>
79
80</manifest>